<?xml version="1.0" encoding="UTF-8"?>
<!-- Generated by org.testng.reporters.JUnitXMLReporter -->
<testsuite hostname="INDIA-PC" ignored="0" name="Amazon App Tests" tests="3" failures="2" timestamp="24 Aug 2020 01:19:22 GMT" time="447.154" errors="0">
  <testcase name="LoginAndSearch" time="240.593" classname="com.Amazon_App.testcases.DriverScript">
    <failure type="java.lang.AssertionError" message="The suggestions are not having expected Product">
      <![CDATA[java.lang.AssertionError: The suggestions are not having expected Product
at org.junit.Assert.fail(Assert.java:91)
at org.junit.Assert.assertTrue(Assert.java:43)
at com.Amazon_App.Functionality.SearchAfterLogin.verify_product_details(SearchAfterLogin.java:182)
at com.Amazon_App.testcases.DriverScript.LoginAndSearch(DriverScript.java:100)
at java.util.concurrent.FutureTask.run(Unknown Source)
at java.util.concurrent.ThreadPoolExecutor.runWorker(Unknown Source)
at java.util.concurrent.ThreadPoolExecutor$Worker.run(Unknown Source)
at java.lang.Thread.run(Unknown Source)
... Removed 16 stack frames]]>
    </failure>
  </testcase> <!-- LoginAndSearch -->
  <testcase name="StartShopping" time="56.411" classname="com.Amazon_App.testcases.DriverScript"/>
  <testcase name="VerifyCartPrd" time="118.162" classname="com.Amazon_App.testcases.DriverScript">
    <failure type="java.lang.AssertionError" message="The following asserts failed:
	Elements not present on the page">
      <![CDATA[java.lang.AssertionError: The following asserts failed:
Elements not present on the page
at com.Amazon_App.testcases.DriverScript.VerifyCartPrd(DriverScript.java:162)
at java.util.concurrent.FutureTask.run(Unknown Source)
at java.util.concurrent.ThreadPoolExecutor.runWorker(Unknown Source)
at java.util.concurrent.ThreadPoolExecutor$Worker.run(Unknown Source)
at java.lang.Thread.run(Unknown Source)
... Removed 17 stack frames]]>
    </failure>
  </testcase> <!-- VerifyCartPrd -->
</testsuite> <!-- Amazon App Tests -->
