<!DOCTYPE html PUBLIC "-//W3C//DTD XHTML 1.1//EN" "http://www.w3.org/TR/xhtml11/DTD/xhtml11.dtd">
<html xmlns="http://www.w3.org/1999/xhtml">
<head>
<meta http-equiv="content-type" content="text/html; charset=UTF-8"/>
<title>TestNG Report</title>
<style type="text/css">table {margin-bottom:10px;border-collapse:collapse;empty-cells:show}th,td {border:1px solid #009;padding:.25em .5em}th {vertical-align:bottom}td {vertical-align:top}table a {font-weight:bold}.stripe td {background-color: #E6EBF9}.num {text-align:right}.passedodd td {background-color: #3F3}.passedeven td {background-color: #0A0}.skippedodd td {background-color: #DDD}.skippedeven td {background-color: #CCC}.failedodd td,.attn {background-color: #F33}.failedeven td,.stripe .attn {background-color: #D00}.stacktrace {white-space:pre;font-family:monospace}.totop {font-size:85%;text-align:center;border-bottom:2px solid #000}.invisible {display:none}</style>
</head>
<body>
<table>
<tr><th>Test</th><th># Passed</th><th># Skipped</th><th># Failed</th><th>Time (ms)</th><th>Included Groups</th><th>Excluded Groups</th></tr>
<tr><th colspan="7">Amazon App Tests</th></tr>
<tr><td><a href="#t0">Amazon App Tests</a></td><td class="num">1</td><td class="num">0</td><td class="num attn">2</td><td class="num">447,154</td><td></td><td></td></tr>
</table>
<table id='summary'><thead><tr><th>Class</th><th>Method</th><th>Start</th><th>Time (ms)</th></tr></thead><tbody><tr><th colspan="4">Amazon App Tests</th></tr></tbody><tbody id="t0"><tr><th colspan="4">Amazon App Tests &#8212; failed</th></tr><tr class="failedeven"><td rowspan="2">com.Amazon_App.testcases.DriverScript</td><td><a href="#m0">LoginAndSearch</a></td><td rowspan="1">1598231534001</td><td rowspan="1">240593</td></tr><tr class="failedeven"><td><a href="#m1">VerifyCartPrd</a></td><td rowspan="1">1598231840774</td><td rowspan="1">118162</td></tr><tr><th colspan="4">Amazon App Tests &#8212; passed</th></tr><tr class="passedeven"><td rowspan="1">com.Amazon_App.testcases.DriverScript</td><td><a href="#m2">StartShopping</a></td><td rowspan="1">1598231780259</td><td rowspan="1">56411</td></tr></tbody>
</table>
<h2>Amazon App Tests</h2><h3 id="m0">com.Amazon_App.testcases.DriverScript#LoginAndSearch</h3><table class="result"><tr><th>Exception</th></tr><tr><td><div class="stacktrace">java.lang.AssertionError: The suggestions are not having expected Product
	at org.junit.Assert.fail(Assert.java:91)
	at org.junit.Assert.assertTrue(Assert.java:43)
	at com.Amazon_App.Functionality.SearchAfterLogin.verify_product_details(SearchAfterLogin.java:182)
	at com.Amazon_App.testcases.DriverScript.LoginAndSearch(DriverScript.java:100)
	at java.util.concurrent.FutureTask.run(Unknown Source)
	at java.util.concurrent.ThreadPoolExecutor.runWorker(Unknown Source)
	at java.util.concurrent.ThreadPoolExecutor$Worker.run(Unknown Source)
	at java.lang.Thread.run(Unknown Source)
... Removed 16 stack frames</div></td></tr></table><p class="totop"><a href="#summary">back to summary</a></p>
<h3 id="m1">com.Amazon_App.testcases.DriverScript#VerifyCartPrd</h3><table class="result"><tr><th>Exception</th></tr><tr><td><div class="stacktrace">java.lang.AssertionError: The following asserts failed:
	Elements not present on the page
	at com.Amazon_App.testcases.DriverScript.VerifyCartPrd(DriverScript.java:162)
	at java.util.concurrent.FutureTask.run(Unknown Source)
	at java.util.concurrent.ThreadPoolExecutor.runWorker(Unknown Source)
	at java.util.concurrent.ThreadPoolExecutor$Worker.run(Unknown Source)
	at java.lang.Thread.run(Unknown Source)
... Removed 17 stack frames</div></td></tr></table><p class="totop"><a href="#summary">back to summary</a></p>
<h3 id="m2">com.Amazon_App.testcases.DriverScript#StartShopping</h3><table class="result"><tr><th class="invisible"/></tr></table><p class="totop"><a href="#summary">back to summary</a></p>
</body>
</html>
