<?xml version="1.0" encoding="UTF-8"?>
<testng-results skipped="0" failed="2" ignored="0" total="3" passed="1">
  <reporter-output>
  </reporter-output>
  <suite name="Amazon App Tests" duration-ms="447154" started-at="2020-08-24T01:11:55Z" finished-at="2020-08-24T01:19:22Z">
    <groups>
    </groups>
    <test name="Amazon App Tests" duration-ms="447154" started-at="2020-08-24T01:11:55Z" finished-at="2020-08-24T01:19:22Z">
      <class name="com.Amazon_App.testcases.DriverScript">
        <test-method status="PASS" signature="setUp(java.lang.reflect.Method)[pri:0, instance:com.Amazon_App.testcases.DriverScript@4c178a76]" name="setUp" is-config="true" duration-ms="18590" started-at="2020-08-24T01:11:55Z" finished-at="2020-08-24T01:12:14Z">
          <params>
            <param index="0">
              <value>
                <![CDATA[public void com.Amazon_App.testcases.DriverScript.LoginAndSearch()]]>
              </value>
            </param>
          </params>
          <reporter-output>
          </reporter-output>
        </test-method> <!-- setUp -->
        <test-method status="FAIL" signature="LoginAndSearch()[pri:1, instance:com.Amazon_App.testcases.DriverScript@4c178a76]" name="LoginAndSearch" duration-ms="240593" started-at="2020-08-24T01:12:14Z" finished-at="2020-08-24T01:16:14Z">
          <exception class="java.lang.AssertionError">
            <message>
              <![CDATA[The suggestions are not having expected Product]]>
            </message>
            <full-stacktrace>
              <![CDATA[java.lang.AssertionError: The suggestions are not having expected Product
at org.junit.Assert.fail(Assert.java:91)
at org.junit.Assert.assertTrue(Assert.java:43)
at com.Amazon_App.Functionality.SearchAfterLogin.verify_product_details(SearchAfterLogin.java:182)
at com.Amazon_App.testcases.DriverScript.LoginAndSearch(DriverScript.java:100)
at sun.reflect.NativeMethodAccessorImpl.invoke0(Native Method)
at sun.reflect.NativeMethodAccessorImpl.invoke(Unknown Source)
at sun.reflect.DelegatingMethodAccessorImpl.invoke(Unknown Source)
at java.lang.reflect.Method.invoke(Unknown Source)
at org.testng.internal.MethodInvocationHelper.invokeMethod(MethodInvocationHelper.java:124)
at org.testng.internal.Invoker.invokeMethod(Invoker.java:583)
at org.testng.internal.Invoker.invokeTestMethod(Invoker.java:719)
at org.testng.internal.Invoker.invokeTestMethods(Invoker.java:989)
at org.testng.internal.TestMethodWorker.invokeTestMethods(TestMethodWorker.java:125)
at org.testng.internal.TestMethodWorker.run(TestMethodWorker.java:109)
at org.testng.TestRunner.privateRun(TestRunner.java:648)
at org.testng.TestRunner.run(TestRunner.java:505)
at org.testng.SuiteRunner.runTest(SuiteRunner.java:455)
at org.testng.SuiteRunner.access$000(SuiteRunner.java:40)
at org.testng.SuiteRunner$SuiteWorker.run(SuiteRunner.java:489)
at org.testng.internal.thread.ThreadUtil$1.call(ThreadUtil.java:52)
at java.util.concurrent.FutureTask.run(Unknown Source)
at java.util.concurrent.ThreadPoolExecutor.runWorker(Unknown Source)
at java.util.concurrent.ThreadPoolExecutor$Worker.run(Unknown Source)
at java.lang.Thread.run(Unknown Source)
]]>
            </full-stacktrace>
          </exception> <!-- java.lang.AssertionError -->
          <reporter-output>
          </reporter-output>
        </test-method> <!-- LoginAndSearch -->
        <test-method status="PASS" signature="getResult(org.testng.ITestResult)[pri:0, instance:com.Amazon_App.testcases.DriverScript@4c178a76]" name="getResult" is-config="true" duration-ms="3669" started-at="2020-08-24T01:16:14Z" finished-at="2020-08-24T01:16:18Z">
          <params>
            <param index="0">
              <value>
                <![CDATA[[TestResult name=LoginAndSearch status=FAILURE method=DriverScript.LoginAndSearch()[pri:1, instance:com.Amazon_App.testcases.DriverScript@4c178a76] output={null}]]]>
              </value>
            </param>
          </params>
          <reporter-output>
          </reporter-output>
        </test-method> <!-- getResult -->
        <test-method status="PASS" signature="setUp(java.lang.reflect.Method)[pri:0, instance:com.Amazon_App.testcases.DriverScript@4c178a76]" name="setUp" is-config="true" duration-ms="1982" started-at="2020-08-24T01:16:18Z" finished-at="2020-08-24T01:16:20Z">
          <params>
            <param index="0">
              <value>
                <![CDATA[public void com.Amazon_App.testcases.DriverScript.StartShopping()]]>
              </value>
            </param>
          </params>
          <reporter-output>
          </reporter-output>
        </test-method> <!-- setUp -->
        <test-method status="PASS" signature="StartShopping()[pri:2, instance:com.Amazon_App.testcases.DriverScript@4c178a76]" name="StartShopping" duration-ms="56411" started-at="2020-08-24T01:16:20Z" finished-at="2020-08-24T01:17:16Z">
          <reporter-output>
          </reporter-output>
        </test-method> <!-- StartShopping -->
        <test-method status="PASS" signature="getResult(org.testng.ITestResult)[pri:0, instance:com.Amazon_App.testcases.DriverScript@4c178a76]" name="getResult" is-config="true" duration-ms="2070" started-at="2020-08-24T01:17:16Z" finished-at="2020-08-24T01:17:18Z">
          <params>
            <param index="0">
              <value>
                <![CDATA[[TestResult name=StartShopping status=SUCCESS method=DriverScript.StartShopping()[pri:2, instance:com.Amazon_App.testcases.DriverScript@4c178a76] output={null}]]]>
              </value>
            </param>
          </params>
          <reporter-output>
          </reporter-output>
        </test-method> <!-- getResult -->
        <test-method status="PASS" signature="setUp(java.lang.reflect.Method)[pri:0, instance:com.Amazon_App.testcases.DriverScript@4c178a76]" name="setUp" is-config="true" duration-ms="2033" started-at="2020-08-24T01:17:18Z" finished-at="2020-08-24T01:17:20Z">
          <params>
            <param index="0">
              <value>
                <![CDATA[public void com.Amazon_App.testcases.DriverScript.VerifyCartPrd()]]>
              </value>
            </param>
          </params>
          <reporter-output>
          </reporter-output>
        </test-method> <!-- setUp -->
        <test-method status="FAIL" signature="VerifyCartPrd()[pri:3, instance:com.Amazon_App.testcases.DriverScript@4c178a76]" name="VerifyCartPrd" duration-ms="118162" started-at="2020-08-24T01:17:20Z" finished-at="2020-08-24T01:19:18Z">
          <exception class="java.lang.AssertionError">
            <message>
              <![CDATA[The following asserts failed:
Elements not present on the page]]>
            </message>
            <full-stacktrace>
              <![CDATA[java.lang.AssertionError: The following asserts failed:
Elements not present on the page
at org.testng.asserts.SoftAssert.assertAll(SoftAssert.java:43)
at com.Amazon_App.testcases.DriverScript.VerifyCartPrd(DriverScript.java:162)
at sun.reflect.NativeMethodAccessorImpl.invoke0(Native Method)
at sun.reflect.NativeMethodAccessorImpl.invoke(Unknown Source)
at sun.reflect.DelegatingMethodAccessorImpl.invoke(Unknown Source)
at java.lang.reflect.Method.invoke(Unknown Source)
at org.testng.internal.MethodInvocationHelper.invokeMethod(MethodInvocationHelper.java:124)
at org.testng.internal.Invoker.invokeMethod(Invoker.java:583)
at org.testng.internal.Invoker.invokeTestMethod(Invoker.java:719)
at org.testng.internal.Invoker.invokeTestMethods(Invoker.java:989)
at org.testng.internal.TestMethodWorker.invokeTestMethods(TestMethodWorker.java:125)
at org.testng.internal.TestMethodWorker.run(TestMethodWorker.java:109)
at org.testng.TestRunner.privateRun(TestRunner.java:648)
at org.testng.TestRunner.run(TestRunner.java:505)
at org.testng.SuiteRunner.runTest(SuiteRunner.java:455)
at org.testng.SuiteRunner.access$000(SuiteRunner.java:40)
at org.testng.SuiteRunner$SuiteWorker.run(SuiteRunner.java:489)
at org.testng.internal.thread.ThreadUtil$1.call(ThreadUtil.java:52)
at java.util.concurrent.FutureTask.run(Unknown Source)
at java.util.concurrent.ThreadPoolExecutor.runWorker(Unknown Source)
at java.util.concurrent.ThreadPoolExecutor$Worker.run(Unknown Source)
at java.lang.Thread.run(Unknown Source)
]]>
            </full-stacktrace>
          </exception> <!-- java.lang.AssertionError -->
          <reporter-output>
          </reporter-output>
        </test-method> <!-- VerifyCartPrd -->
        <test-method status="PASS" signature="getResult(org.testng.ITestResult)[pri:0, instance:com.Amazon_App.testcases.DriverScript@4c178a76]" name="getResult" is-config="true" duration-ms="3100" started-at="2020-08-24T01:19:18Z" finished-at="2020-08-24T01:19:22Z">
          <params>
            <param index="0">
              <value>
                <![CDATA[[TestResult name=VerifyCartPrd status=FAILURE method=DriverScript.VerifyCartPrd()[pri:3, instance:com.Amazon_App.testcases.DriverScript@4c178a76] output={null}]]]>
              </value>
            </param>
          </params>
          <reporter-output>
          </reporter-output>
        </test-method> <!-- getResult -->
        <test-method status="PASS" signature="tearDown()[pri:0, instance:com.Amazon_App.testcases.DriverScript@4c178a76]" name="tearDown" is-config="true" duration-ms="499" started-at="2020-08-24T01:19:22Z" finished-at="2020-08-24T01:19:22Z">
          <reporter-output>
          </reporter-output>
        </test-method> <!-- tearDown -->
      </class> <!-- com.Amazon_App.testcases.DriverScript -->
    </test> <!-- Amazon App Tests -->
  </suite> <!-- Amazon App Tests -->
</testng-results>
